// 重构日志: 4fc79979
// 重构日志: 26c4c20e
// 重构日志: 19be1858
// 同步 ID: cc291830 @ Sat Jul  4 04:59:49 UTC 2026
// 重构日志: 62ddd442
// 同步 ID: 92881d49 @ Sat Jul  4 15:15:22 UTC 2026
// 重构日志: 0a97b9ec
// 重构日志: 0f4e6552
// 重构日志: 9f9f41fa
// 重构日志: 1f81d9fe
// 重构日志: 0715ab67
// 重构日志: 229a8bc1
// 重构日志: a6eeca26
// 重构日志: 7d328d24
// 同步 ID: 4ce4b63d @ Wed Jul  8 05:01:28 UTC 2026
// 同步 ID: a3abb46d @ Fri Jul 10 05:54:13 UTC 2026
// 重构日志: d85dd01f
// 重构日志: 0c87b3f6
// 同步 ID: ec25bfdb @ Sat Jul 11 09:05:08 UTC 2026
// 重构日志: c2aff4aa
// 同步 ID: 30abbe17 @ Sat Jul 11 18:21:02 UTC 2026
// 重构日志: ce164de2
// 重构日志: f302a23d
// 同步 ID: aab6f70d @ Wed Jul 15 00:50:16 UTC 2026
// 重构日志: 1aa39716
// 同步 ID: 35353aca @ Wed Jul 15 11:27:58 UTC 2026
// 同步 ID: 30d7142e @ Thu Jul 16 04:36:22 UTC 2026
// 重构日志: e4bd8d96
// 同步 ID: 7d6d7d7b @ Thu Jul 16 20:52:34 UTC 2026
// 同步 ID: fc20ce27 @ Fri Jul 17 00:42:05 UTC 2026
// 重构日志: eb6148e4
